0 info it worked if it ends with ok
1 verbose cli [ '/home/ubuntu/.nvm/versions/node/v4.5.0/bin/node',
1 verbose cli   '/home/ubuntu/.nvm/versions/node/v4.5.0/bin/npm',
1 verbose cli   'install' ]
2 info using npm@2.15.9
3 info using node@v4.5.0
4 verbose readDependencies loading dependencies from /home/ubuntu/workspace/youtubestreaming/package.json
5 verbose install where, deps [ '/home/ubuntu/workspace/youtubestreaming',
5 verbose install   [ '@angular/common',
5 verbose install     '@angular/compiler',
5 verbose install     '@angular/core',
5 verbose install     '@angular/forms',
5 verbose install     '@angular/http',
5 verbose install     '@angular/platform-browser',
5 verbose install     '@angular/platform-browser-dynamic',
5 verbose install     '@angular/router',
5 verbose install     '@angular/upgrade',
5 verbose install     'angular-in-memory-web-api',
5 verbose install     'body-parser',
5 verbose install     'bootstrap',
5 verbose install     'core-js',
5 verbose install     'express',
5 verbose install     'json-loader',
5 verbose install     'reflect-metadata',
5 verbose install     'rxjs',
5 verbose install     'systemjs',
5 verbose install     'ts-loader',
5 verbose install     'ytdl-core',
5 verbose install     'zone.js',
5 verbose install     'concurrently',
5 verbose install     'typescript',
5 verbose install     'canonical-path',
5 verbose install     'lodash',
5 verbose install     '@types/core-js',
5 verbose install     '@types/node',
5 verbose install     '@types/jasmine',
5 verbose install     'webpack' ] ]
6 verbose install where, peers [ '/home/ubuntu/workspace/youtubestreaming', [] ]
7 verbose installManyTop reading for lifecycle /home/ubuntu/workspace/youtubestreaming/package.json
8 info preinstall youtubestreaming@1.0.0
9 verbose unsafe-perm in lifecycle true
10 verbose installManyTop reading scoped package data from /home/ubuntu/workspace/youtubestreaming/node_modules/angular-in-memory-web-api/package.json
11 verbose installManyTop reading scoped package data from /home/ubuntu/workspace/youtubestreaming/node_modules/body-parser/package.json
12 verbose installManyTop reading scoped package data from /home/ubuntu/workspace/youtubestreaming/node_modules/bootstrap/package.json
13 verbose installManyTop reading scoped package data from /home/ubuntu/workspace/youtubestreaming/node_modules/canonical-path/package.json
14 verbose installManyTop reading scoped package data from /home/ubuntu/workspace/youtubestreaming/node_modules/concurrently/package.json
15 verbose installManyTop reading scoped package data from /home/ubuntu/workspace/youtubestreaming/node_modules/core-js/package.json
16 verbose installManyTop reading scoped package data from /home/ubuntu/workspace/youtubestreaming/node_modules/express/package.json
17 verbose installManyTop reading scoped package data from /home/ubuntu/workspace/youtubestreaming/node_modules/json-loader/package.json
18 verbose installManyTop reading scoped package data from /home/ubuntu/workspace/youtubestreaming/node_modules/lodash/package.json
19 verbose installManyTop reading scoped package data from /home/ubuntu/workspace/youtubestreaming/node_modules/reflect-metadata/package.json
20 verbose installManyTop reading scoped package data from /home/ubuntu/workspace/youtubestreaming/node_modules/rxjs/package.json
21 verbose installManyTop reading scoped package data from /home/ubuntu/workspace/youtubestreaming/node_modules/systemjs/package.json
22 verbose installManyTop reading scoped package data from /home/ubuntu/workspace/youtubestreaming/node_modules/ts-loader/package.json
23 verbose installManyTop reading scoped package data from /home/ubuntu/workspace/youtubestreaming/node_modules/typescript/package.json
24 verbose installManyTop reading scoped package data from /home/ubuntu/workspace/youtubestreaming/node_modules/webpack/package.json
25 verbose installManyTop reading scoped package data from /home/ubuntu/workspace/youtubestreaming/node_modules/ytdl-core/package.json
26 verbose installManyTop reading scoped package data from /home/ubuntu/workspace/youtubestreaming/node_modules/zone.js/package.json
27 verbose installManyTop reading scoped package data from /home/ubuntu/workspace/youtubestreaming/node_modules/@angular/common/package.json
28 verbose installManyTop reading scoped package data from /home/ubuntu/workspace/youtubestreaming/node_modules/@angular/compiler/package.json
29 verbose installManyTop reading scoped package data from /home/ubuntu/workspace/youtubestreaming/node_modules/@angular/core/package.json
30 verbose installManyTop reading scoped package data from /home/ubuntu/workspace/youtubestreaming/node_modules/@angular/forms/package.json
31 verbose installManyTop reading scoped package data from /home/ubuntu/workspace/youtubestreaming/node_modules/@angular/http/package.json
32 verbose installManyTop reading scoped package data from /home/ubuntu/workspace/youtubestreaming/node_modules/@angular/platform-browser/package.json
33 verbose installManyTop reading scoped package data from /home/ubuntu/workspace/youtubestreaming/node_modules/@angular/platform-browser-dynamic/package.json
34 verbose installManyTop reading scoped package data from /home/ubuntu/workspace/youtubestreaming/node_modules/@angular/router/package.json
35 verbose installManyTop reading scoped package data from /home/ubuntu/workspace/youtubestreaming/node_modules/@angular/upgrade/package.json
36 verbose installManyTop reading scoped package data from /home/ubuntu/workspace/youtubestreaming/node_modules/@types/core-js/package.json
37 verbose installManyTop reading scoped package data from /home/ubuntu/workspace/youtubestreaming/node_modules/@types/jasmine/package.json
38 verbose installManyTop reading scoped package data from /home/ubuntu/workspace/youtubestreaming/node_modules/@types/node/package.json
39 info package.json angular-in-memory-web-api@0.1.14 No license field.
40 info package.json ytdl-core@0.7.19 No license field.
41 verbose readDependencies loading dependencies from /home/ubuntu/workspace/youtubestreaming/package.json
42 verbose targetResolver reading package data from /home/ubuntu/workspace/youtubestreaming/node_modules/angular-in-memory-web-api/package.json
43 verbose targetResolver reading package data from /home/ubuntu/workspace/youtubestreaming/node_modules/body-parser/package.json
44 verbose targetResolver reading package data from /home/ubuntu/workspace/youtubestreaming/node_modules/bootstrap/package.json
45 verbose targetResolver reading package data from /home/ubuntu/workspace/youtubestreaming/node_modules/canonical-path/package.json
46 verbose targetResolver reading package data from /home/ubuntu/workspace/youtubestreaming/node_modules/concurrently/package.json
47 verbose targetResolver reading package data from /home/ubuntu/workspace/youtubestreaming/node_modules/core-js/package.json
48 verbose targetResolver reading package data from /home/ubuntu/workspace/youtubestreaming/node_modules/express/package.json
49 verbose targetResolver reading package data from /home/ubuntu/workspace/youtubestreaming/node_modules/json-loader/package.json
50 verbose targetResolver reading package data from /home/ubuntu/workspace/youtubestreaming/node_modules/lodash/package.json
51 verbose targetResolver reading package data from /home/ubuntu/workspace/youtubestreaming/node_modules/reflect-metadata/package.json
52 verbose targetResolver reading package data from /home/ubuntu/workspace/youtubestreaming/node_modules/rxjs/package.json
53 verbose targetResolver reading package data from /home/ubuntu/workspace/youtubestreaming/node_modules/systemjs/package.json
54 verbose targetResolver reading package data from /home/ubuntu/workspace/youtubestreaming/node_modules/ts-loader/package.json
55 verbose targetResolver reading package data from /home/ubuntu/workspace/youtubestreaming/node_modules/typescript/package.json
56 verbose targetResolver reading package data from /home/ubuntu/workspace/youtubestreaming/node_modules/webpack/package.json
57 verbose targetResolver reading package data from /home/ubuntu/workspace/youtubestreaming/node_modules/ytdl-core/package.json
58 verbose targetResolver reading package data from /home/ubuntu/workspace/youtubestreaming/node_modules/zone.js/package.json
59 verbose targetResolver reading package data from /home/ubuntu/workspace/youtubestreaming/node_modules/@angular/common/package.json
60 verbose targetResolver reading package data from /home/ubuntu/workspace/youtubestreaming/node_modules/@angular/compiler/package.json
61 verbose targetResolver reading package data from /home/ubuntu/workspace/youtubestreaming/node_modules/@angular/core/package.json
62 verbose targetResolver reading package data from /home/ubuntu/workspace/youtubestreaming/node_modules/@angular/forms/package.json
63 verbose targetResolver reading package data from /home/ubuntu/workspace/youtubestreaming/node_modules/@angular/http/package.json
64 verbose targetResolver reading package data from /home/ubuntu/workspace/youtubestreaming/node_modules/@angular/platform-browser/package.json
65 verbose targetResolver reading package data from /home/ubuntu/workspace/youtubestreaming/node_modules/@angular/platform-browser-dynamic/package.json
66 verbose targetResolver reading package data from /home/ubuntu/workspace/youtubestreaming/node_modules/@angular/router/package.json
67 verbose targetResolver reading package data from /home/ubuntu/workspace/youtubestreaming/node_modules/@angular/upgrade/package.json
68 verbose targetResolver reading package data from /home/ubuntu/workspace/youtubestreaming/node_modules/@types/core-js/package.json
69 verbose targetResolver reading package data from /home/ubuntu/workspace/youtubestreaming/node_modules/@types/jasmine/package.json
70 verbose targetResolver reading package data from /home/ubuntu/workspace/youtubestreaming/node_modules/@types/node/package.json
71 verbose targetResolver reading package data from /home/ubuntu/workspace/youtubestreaming/node_modules/.bin/concurrent/package.json
72 verbose targetResolver reading package data from /home/ubuntu/workspace/youtubestreaming/node_modules/.bin/concurrently/package.json
73 verbose targetResolver reading package data from /home/ubuntu/workspace/youtubestreaming/node_modules/.bin/tsc/package.json
74 verbose targetResolver reading package data from /home/ubuntu/workspace/youtubestreaming/node_modules/.bin/tsserver/package.json
75 verbose targetResolver reading package data from /home/ubuntu/workspace/youtubestreaming/node_modules/.bin/webpack/package.json
76 verbose already installed skipping json-loader@^0.5.4 /home/ubuntu/workspace/youtubestreaming
77 verbose already installed skipping reflect-metadata@^0.1.8 /home/ubuntu/workspace/youtubestreaming
78 verbose already installed skipping rxjs@5.0.0-beta.12 /home/ubuntu/workspace/youtubestreaming
79 verbose already installed skipping systemjs@0.19.40 /home/ubuntu/workspace/youtubestreaming
80 verbose already installed skipping ts-loader@^0.9.5 /home/ubuntu/workspace/youtubestreaming
81 verbose already installed skipping ytdl-core@^0.7.19 /home/ubuntu/workspace/youtubestreaming
82 verbose already installed skipping zone.js@^0.6.26 /home/ubuntu/workspace/youtubestreaming
83 verbose already installed skipping concurrently@^3.1.0 /home/ubuntu/workspace/youtubestreaming
84 verbose already installed skipping typescript@^2.0.3 /home/ubuntu/workspace/youtubestreaming
85 verbose already installed skipping canonical-path@0.0.2 /home/ubuntu/workspace/youtubestreaming
86 verbose already installed skipping lodash@^4.16.4 /home/ubuntu/workspace/youtubestreaming
87 verbose already installed skipping @types/core-js@^0.9.34 /home/ubuntu/workspace/youtubestreaming
88 verbose already installed skipping @types/node@^6.0.46 /home/ubuntu/workspace/youtubestreaming
89 verbose already installed skipping @types/jasmine@^2.5.36 /home/ubuntu/workspace/youtubestreaming
90 verbose already installed skipping webpack@^1.13.3 /home/ubuntu/workspace/youtubestreaming
91 verbose already installed skipping @angular/common@~2.1.2 /home/ubuntu/workspace/youtubestreaming
92 verbose already installed skipping @angular/compiler@~2.1.2 /home/ubuntu/workspace/youtubestreaming
93 verbose already installed skipping @angular/core@~2.1.2 /home/ubuntu/workspace/youtubestreaming
94 verbose already installed skipping @angular/forms@~2.1.2 /home/ubuntu/workspace/youtubestreaming
95 verbose already installed skipping @angular/http@~2.1.2 /home/ubuntu/workspace/youtubestreaming
96 verbose already installed skipping @angular/platform-browser@~2.1.2 /home/ubuntu/workspace/youtubestreaming
97 verbose already installed skipping @angular/platform-browser-dynamic@~2.1.2 /home/ubuntu/workspace/youtubestreaming
98 verbose already installed skipping @angular/router@~3.1.2 /home/ubuntu/workspace/youtubestreaming
99 verbose already installed skipping @angular/upgrade@~2.1.2 /home/ubuntu/workspace/youtubestreaming
100 verbose already installed skipping angular-in-memory-web-api@~0.1.13 /home/ubuntu/workspace/youtubestreaming
101 verbose already installed skipping body-parser@^1.15.2 /home/ubuntu/workspace/youtubestreaming
102 verbose already installed skipping bootstrap@^3.3.7 /home/ubuntu/workspace/youtubestreaming
103 verbose already installed skipping core-js@^2.4.1 /home/ubuntu/workspace/youtubestreaming
104 verbose already installed skipping express@^4.14.0 /home/ubuntu/workspace/youtubestreaming
105 silly install resolved []
106 info build /home/ubuntu/workspace/youtubestreaming
107 info linkStuff youtubestreaming@1.0.0
108 silly linkStuff youtubestreaming@1.0.0 has /home/ubuntu/workspace as its parent node_modules
109 verbose linkBins youtubestreaming@1.0.0
110 verbose linkMans youtubestreaming@1.0.0
111 verbose rebuildBundles youtubestreaming@1.0.0
112 verbose rebuildBundles [ '.bin',
112 verbose rebuildBundles   '@angular',
112 verbose rebuildBundles   '@types',
112 verbose rebuildBundles   'angular-in-memory-web-api',
112 verbose rebuildBundles   'body-parser',
112 verbose rebuildBundles   'bootstrap',
112 verbose rebuildBundles   'canonical-path',
112 verbose rebuildBundles   'concurrently',
112 verbose rebuildBundles   'core-js',
112 verbose rebuildBundles   'express',
112 verbose rebuildBundles   'json-loader',
112 verbose rebuildBundles   'lodash',
112 verbose rebuildBundles   'reflect-metadata',
112 verbose rebuildBundles   'rxjs',
112 verbose rebuildBundles   'systemjs',
112 verbose rebuildBundles   'ts-loader',
112 verbose rebuildBundles   'typescript',
112 verbose rebuildBundles   'webpack',
112 verbose rebuildBundles   'ytdl-core',
112 verbose rebuildBundles   'zone.js' ]
113 info install youtubestreaming@1.0.0
114 info postinstall youtubestreaming@1.0.0
115 verbose unsafe-perm in lifecycle true
116 info youtubestreaming@1.0.0 Failed to exec postinstall script
117 verbose stack Error: youtubestreaming@1.0.0 postinstall: `typings install`
117 verbose stack Exit status 1
117 verbose stack     at EventEmitter.<anonymous> (/home/ubuntu/.nvm/versions/node/v4.5.0/lib/node_modules/npm/lib/utils/lifecycle.js:217:16)
117 verbose stack     at emitTwo (events.js:87:13)
117 verbose stack     at EventEmitter.emit (events.js:172:7)
117 verbose stack     at ChildProcess.<anonymous> (/home/ubuntu/.nvm/versions/node/v4.5.0/lib/node_modules/npm/lib/utils/spawn.js:24:14)
117 verbose stack     at emitTwo (events.js:87:13)
117 verbose stack     at ChildProcess.emit (events.js:172:7)
117 verbose stack     at maybeClose (internal/child_process.js:829:16)
117 verbose stack     at Process.ChildProcess._handle.onexit (internal/child_process.js:211:5)
118 verbose pkgid youtubestreaming@1.0.0
119 verbose cwd /home/ubuntu/workspace/youtubestreaming
120 error Linux 4.2.0-c9
121 error argv "/home/ubuntu/.nvm/versions/node/v4.5.0/bin/node" "/home/ubuntu/.nvm/versions/node/v4.5.0/bin/npm" "install"
122 error node v4.5.0
123 error npm  v2.15.9
124 error code ELIFECYCLE
125 error youtubestreaming@1.0.0 postinstall: `typings install`
125 error Exit status 1
126 error Failed at the youtubestreaming@1.0.0 postinstall script 'typings install'.
126 error This is most likely a problem with the youtubestreaming package,
126 error not with npm itself.
126 error Tell the author that this fails on your system:
126 error     typings install
126 error You can get information on how to open an issue for this project with:
126 error     npm bugs youtubestreaming
126 error Or if that isn't available, you can get their info via:
126 error
126 error     npm owner ls youtubestreaming
126 error There is likely additional logging output above.
127 verbose exit [ 1, true ]
